This is pdfTeX, Version 3.141592653-2.6-1.40.22 (TeX Live 2022/dev/Debian) (preloaded format=pdflatex 2024.7.24)  12 SEP 2024 13:33
entering extended mode
 restricted \write18 enabled.
 %&-line parsing enabled.
**main.tex
(./main.tex
LaTeX2e <2021-11-15> patch level 1
L3 programming layer <2022-01-21>
(/usr/share/texlive/texmf-dist/tex/latex/base/article.cls
Document Class: article 2021/10/04 v1.4n Standard LaTeX document class
(/usr/share/texlive/texmf-dist/tex/latex/base/size10.clo
File: size10.clo 2021/10/04 v1.4n Standard LaTeX file (size option)
)
\c@part=\count185
\c@section=\count186
\c@subsection=\count187
\c@subsubsection=\count188
\c@paragraph=\count189
\c@subparagraph=\count190
\c@figure=\count191
\c@table=\count192
\abovecaptionskip=\skip47
\belowcaptionskip=\skip48
\bibindent=\dimen138
)
(/usr/share/texlive/texmf-dist/tex/latex/amsmath/amsmath.sty
Package: amsmath 2021/10/15 v2.17l AMS math features
\@mathmargin=\skip49

For additional information on amsmath, use the `?' option.
(/usr/share/texlive/texmf-dist/tex/latex/amsmath/amstext.sty
Package: amstext 2021/08/26 v2.01 AMS text

(/usr/share/texlive/texmf-dist/tex/latex/amsmath/amsgen.sty
File: amsgen.sty 1999/11/30 v2.0 generic functions
\@emptytoks=\toks16
\ex@=\dimen139
))
(/usr/share/texlive/texmf-dist/tex/latex/amsmath/amsbsy.sty
Package: amsbsy 1999/11/29 v1.2d Bold Symbols
\pmbraise@=\dimen140
)
(/usr/share/texlive/texmf-dist/tex/latex/amsmath/amsopn.sty
Package: amsopn 2021/08/26 v2.02 operator names
)
\inf@bad=\count193
LaTeX Info: Redefining \frac on input line 234.
\uproot@=\count194
\leftroot@=\count195
LaTeX Info: Redefining \overline on input line 399.
\classnum@=\count196
\DOTSCASE@=\count197
LaTeX Info: Redefining \ldots on input line 496.
LaTeX Info: Redefining \dots on input line 499.
LaTeX Info: Redefining \cdots on input line 620.
\Mathstrutbox@=\box50
\strutbox@=\box51
\big@size=\dimen141
LaTeX Font Info:    Redeclaring font encoding OML on input line 743.
LaTeX Font Info:    Redeclaring font encoding OMS on input line 744.
\macc@depth=\count198
\c@MaxMatrixCols=\count199
\dotsspace@=\muskip16
\c@parentequation=\count266
\dspbrk@lvl=\count267
\tag@help=\toks17
\row@=\count268
\column@=\count269
\maxfields@=\count270
\andhelp@=\toks18
\eqnshift@=\dimen142
\alignsep@=\dimen143
\tagshift@=\dimen144
\tagwidth@=\dimen145
\totwidth@=\dimen146
\lineht@=\dimen147
\@envbody=\toks19
\multlinegap=\skip50
\multlinetaggap=\skip51
\mathdisplay@stack=\toks20
LaTeX Info: Redefining \[ on input line 2938.
LaTeX Info: Redefining \] on input line 2939.
)
(/usr/share/texlive/texmf-dist/tex/latex/amsfonts/amssymb.sty
Package: amssymb 2013/01/14 v3.01 AMS font symbols

(/usr/share/texlive/texmf-dist/tex/latex/amsfonts/amsfonts.sty
Package: amsfonts 2013/01/14 v3.01 Basic AMSFonts support
\symAMSa=\mathgroup4
\symAMSb=\mathgroup5
LaTeX Font Info:    Redeclaring math symbol \hbar on input line 98.
LaTeX Font Info:    Overwriting math alphabet `\mathfrak' in version `bold'
(Font)                  U/euf/m/n --> U/euf/b/n on input line 106.
))
(/usr/share/texlive/texmf-dist/tex/latex/graphics/graphicx.sty
Package: graphicx 2021/09/16 v1.2d Enhanced LaTeX Graphics (DPC,SPQR)

(/usr/share/texlive/texmf-dist/tex/latex/graphics/keyval.sty
Package: keyval 2014/10/28 v1.15 key=value parser (DPC)
\KV@toks@=\toks21
)
(/usr/share/texlive/texmf-dist/tex/latex/graphics/graphics.sty
Package: graphics 2021/03/04 v1.4d Standard LaTeX Graphics (DPC,SPQR)

(/usr/share/texlive/texmf-dist/tex/latex/graphics/trig.sty
Package: trig 2021/08/11 v1.11 sin cos tan (DPC)
)
(/usr/share/texlive/texmf-dist/tex/latex/graphics-cfg/graphics.cfg
File: graphics.cfg 2016/06/04 v1.11 sample graphics configuration
)
Package graphics Info: Driver file: pdftex.def on input line 107.

(/usr/share/texlive/texmf-dist/tex/latex/graphics-def/pdftex.def
File: pdftex.def 2020/10/05 v1.2a Graphics/color driver for pdftex
))
\Gin@req@height=\dimen148
\Gin@req@width=\dimen149
)
(/usr/share/texlive/texmf-dist/tex/latex/float/float.sty
Package: float 2001/11/08 v1.3d Float enhancements (AL)
\c@float@type=\count271
\float@exts=\toks22
\float@box=\box52
\@float@everytoks=\toks23
\@floatcapt=\box53
)
(/usr/share/texlive/texmf-dist/tex/latex/caption/subcaption.sty
Package: subcaption 2020/10/07 v1.3j Sub-captions (AR)

(/usr/share/texlive/texmf-dist/tex/latex/caption/caption.sty
Package: caption 2020/10/26 v3.5g Customizing captions (AR)

(/usr/share/texlive/texmf-dist/tex/latex/caption/caption3.sty
Package: caption3 2020/10/21 v2.2e caption3 kernel (AR)
\captionmargin=\dimen150
\captionmargin@=\dimen151
\captionwidth=\dimen152
\caption@tempdima=\dimen153
\caption@indent=\dimen154
\caption@parindent=\dimen155
\caption@hangindent=\dimen156
Package caption Info: Standard document class detected.
)
\c@caption@flags=\count272
\c@continuedfloat=\count273
Package caption Info: float package is loaded.
)
\c@subfigure=\count274
\c@subtable=\count275
)
(/usr/share/texlive/texmf-dist/tex/latex/l3backend/l3backend-pdftex.def
File: l3backend-pdftex.def 2022-01-12 L3 backend support: PDF output (pdfTeX)
\l__color_backend_stack_int=\count276
\l__pdf_internal_box=\box54
)
(./main.aux

LaTeX Warning: Label `fig:3x3grid' multiply defined.

)
\openout1 = `main.aux'.

LaTeX Font Info:    Checking defaults for OML/cmm/m/it on input line 12.
LaTeX Font Info:    ... okay on input line 12.
LaTeX Font Info:    Checking defaults for OMS/cmsy/m/n on input line 12.
LaTeX Font Info:    ... okay on input line 12.
LaTeX Font Info:    Checking defaults for OT1/cmr/m/n on input line 12.
LaTeX Font Info:    ... okay on input line 12.
LaTeX Font Info:    Checking defaults for T1/cmr/m/n on input line 12.
LaTeX Font Info:    ... okay on input line 12.
LaTeX Font Info:    Checking defaults for TS1/cmr/m/n on input line 12.
LaTeX Font Info:    ... okay on input line 12.
LaTeX Font Info:    Checking defaults for OMX/cmex/m/n on input line 12.
LaTeX Font Info:    ... okay on input line 12.
LaTeX Font Info:    Checking defaults for U/cmr/m/n on input line 12.
LaTeX Font Info:    ... okay on input line 12.
 (/usr/share/texlive/texmf-dist/tex/context/base/mkii/supp-pdf.mkii
[Loading MPS to PDF converter (version 2006.09.02).]
\scratchcounter=\count277
\scratchdimen=\dimen157
\scratchbox=\box55
\nofMPsegments=\count278
\nofMParguments=\count279
\everyMPshowfont=\toks24
\MPscratchCnt=\count280
\MPscratchDim=\dimen158
\MPnumerator=\count281
\makeMPintoPDFobject=\count282
\everyMPtoPDFconversion=\toks25
) (/usr/share/texlive/texmf-dist/tex/latex/epstopdf-pkg/epstopdf-base.sty
Package: epstopdf-base 2020-01-24 v2.11 Base part for package epstopdf
Package epstopdf-base Info: Redefining graphics rule for `.eps' on input line 4
85.

(/usr/share/texlive/texmf-dist/tex/latex/latexconfig/epstopdf-sys.cfg
File: epstopdf-sys.cfg 2010/07/13 v1.3 Configuration of (r)epstopdf for TeX Liv
e
))
Package caption Info: Begin \AtBeginDocument code.
Package caption Info: End \AtBeginDocument code.

(./main.toc
LaTeX Font Info:    Trying to load font information for U+msa on input line 2.
 (/usr/share/texlive/texmf-dist/tex/latex/amsfonts/umsa.fd
File: umsa.fd 2013/01/14 v3.01 AMS symbols A
)
LaTeX Font Info:    Trying to load font information for U+msb on input line 2.

(/usr/share/texlive/texmf-dist/tex/latex/amsfonts/umsb.fd
File: umsb.fd 2013/01/14 v3.01 AMS symbols B
))
\tf@toc=\write3
\openout3 = `main.toc'.

 [1

{/var/lib/texmf/fonts/map/pdftex/updmap/pdftex.map}] [2] [3] [4] [5] [6]
<images/plot_20240719_111506.png, id=32, 614.295pt x 415.5525pt>
File: images/plot_20240719_111506.png Graphic file (type png)
<use images/plot_20240719_111506.png>
Package pdftex.def Info: images/plot_20240719_111506.png  used on input line 27
0.
(pdftex.def)             Requested size: 345.0pt x 233.38628pt.
<images/plot_20240719_112606.png, id=34, 608.2725pt x 415.5525pt>
File: images/plot_20240719_112606.png Graphic file (type png)
<use images/plot_20240719_112606.png>
Package pdftex.def Info: images/plot_20240719_112606.png  used on input line 27
4.
(pdftex.def)             Requested size: 345.0pt x 235.70067pt.
 [7]
<images/I1a.png, id=39, 722.7pt x 433.62pt>
File: images/I1a.png Graphic file (type png)
<use images/I1a.png>
Package pdftex.def Info: images/I1a.png  used on input line 281.
(pdftex.def)             Requested size: 345.0pt x 206.9972pt.
 [8 <./images/plot_20240719_111506.png> <./images/plot_20240719_112606.png>]
File: images/I1a.png Graphic file (type png)
<use images/I1a.png>
Package pdftex.def Info: images/I1a.png  used on input line 289.
(pdftex.def)             Requested size: 142.26378pt x 85.35945pt.
<images/I1b.png, id=45, 722.7pt x 433.62pt>
File: images/I1b.png Graphic file (type png)
<use images/I1b.png>
Package pdftex.def Info: images/I1b.png  used on input line 290.
(pdftex.def)             Requested size: 142.26378pt x 85.35945pt.
<images/I1c.png, id=46, 722.7pt x 433.62pt>
File: images/I1c.png Graphic file (type png)
<use images/I1c.png>
Package pdftex.def Info: images/I1c.png  used on input line 291.
(pdftex.def)             Requested size: 142.26378pt x 85.35945pt.
<images/I2a.png, id=47, 722.7pt x 433.62pt>
File: images/I2a.png Graphic file (type png)
<use images/I2a.png>
Package pdftex.def Info: images/I2a.png  used on input line 293.
(pdftex.def)             Requested size: 142.26378pt x 85.35945pt.
<images/I2b.png, id=48, 722.7pt x 433.62pt>
File: images/I2b.png Graphic file (type png)
<use images/I2b.png>
Package pdftex.def Info: images/I2b.png  used on input line 294.
(pdftex.def)             Requested size: 142.26378pt x 85.35945pt.
<images/I2c.png, id=49, 722.7pt x 433.62pt>
File: images/I2c.png Graphic file (type png)
<use images/I2c.png>
Package pdftex.def Info: images/I2c.png  used on input line 295.
(pdftex.def)             Requested size: 142.26378pt x 85.35945pt.
<images/I3a.png, id=50, 722.7pt x 433.62pt>
File: images/I3a.png Graphic file (type png)
<use images/I3a.png>
Package pdftex.def Info: images/I3a.png  used on input line 297.
(pdftex.def)             Requested size: 142.26378pt x 85.35945pt.
<images/I3b.png, id=51, 722.7pt x 433.62pt>
File: images/I3b.png Graphic file (type png)
<use images/I3b.png>
Package pdftex.def Info: images/I3b.png  used on input line 298.
(pdftex.def)             Requested size: 142.26378pt x 85.35945pt.
<images/I3c.png, id=52, 722.7pt x 433.62pt>
File: images/I3c.png Graphic file (type png)
<use images/I3c.png>
Package pdftex.def Info: images/I3c.png  used on input line 299.
(pdftex.def)             Requested size: 142.26378pt x 85.35945pt.

Overfull \hbox (117.79138pt too wide) in paragraph at lines 288--301
 [][] 
 []

[9 <./images/I1a.png>]
File: images/I1a.png Graphic file (type png)
<use images/I1a.png>
Package pdftex.def Info: images/I1a.png  used on input line 309.
(pdftex.def)             Requested size: 199.16928pt x 119.5006pt.
File: images/I1b.png Graphic file (type png)
<use images/I1b.png>
Package pdftex.def Info: images/I1b.png  used on input line 310.
(pdftex.def)             Requested size: 199.16928pt x 119.5006pt.
File: images/I2a.png Graphic file (type png)
<use images/I2a.png>
Package pdftex.def Info: images/I2a.png  used on input line 311.
(pdftex.def)             Requested size: 199.16928pt x 119.5006pt.
File: images/I2b.png Graphic file (type png)
<use images/I2b.png>
Package pdftex.def Info: images/I2b.png  used on input line 312.
(pdftex.def)             Requested size: 199.16928pt x 119.5006pt.

Overfull \hbox (77.3386pt too wide) in paragraph at lines 308--316
 [][] 
 []

[10 <./images/I1b.png> <./images/I1c.png> <./images/I2a.png> <./images/I2b.png>
 <./images/I2c.png> <./images/I3a.png> <./images/I3b.png> <./images/I3c.png>]
[11] [12] (./main.aux)

LaTeX Warning: There were multiply-defined labels.

 ) 
Here is how much of TeX's memory you used:
 4027 strings out of 478397
 65978 string characters out of 5852247
 362866 words of memory out of 5000000
 22187 multiletter control sequences out of 15000+600000
 473394 words of font info for 44 fonts, out of 8000000 for 9000
 1086 hyphenation exceptions out of 8191
 67i,14n,77p,472b,563s stack positions out of 5000i,500n,10000p,200000b,80000s
</usr/share/texlive/texmf-dist/fonts/type1/public/amsfonts/cm/cmbx10.pfb></us
r/share/texlive/texmf-dist/fonts/type1/public/amsfonts/cm/cmbx12.pfb></usr/shar
e/texlive/texmf-dist/fonts/type1/public/amsfonts/cm/cmex10.pfb></usr/share/texl
ive/texmf-dist/fonts/type1/public/amsfonts/cm/cmmi10.pfb></usr/share/texlive/te
xmf-dist/fonts/type1/public/amsfonts/cm/cmmi5.pfb></usr/share/texlive/texmf-dis
t/fonts/type1/public/amsfonts/cm/cmmi7.pfb></usr/share/texlive/texmf-dist/fonts
/type1/public/amsfonts/cm/cmr10.pfb></usr/share/texlive/texmf-dist/fonts/type1/
public/amsfonts/cm/cmr5.pfb></usr/share/texlive/texmf-dist/fonts/type1/public/a
msfonts/cm/cmr7.pfb></usr/share/texlive/texmf-dist/fonts/type1/public/amsfonts/
cm/cmr9.pfb></usr/share/texlive/texmf-dist/fonts/type1/public/amsfonts/cm/cmsy1
0.pfb></usr/share/texlive/texmf-dist/fonts/type1/public/amsfonts/cm/cmsy7.pfb>
Output written on main.pdf (12 pages, 340672 bytes).
PDF statistics:
 126 PDF objects out of 1000 (max. 8388607)
 65 compressed objects within 1 object stream
 0 named destinations out of 1000 (max. 500000)
 56 words of extra memory for PDF output out of 10000 (max. 10000000)

